<?xml version="1.0" encoding="UTF-8"?>
<testsuite xmlns:xsi="http://www.w3.org/2001/XMLSchema-instance" xsi:noNamespaceSchemaLocation="https://maven.apache.org/surefire/maven-surefire-plugin/xsd/surefire-test-report-3.0.xsd" version="3.0" name="com.example.insurance.InsuranceDecisionTest" time="18.444" tests="8" errors="0" skipped="0" failures="0">
  <properties>
[...]
</properties>
  <testcase name="testHighRiskYoungDriverWithViolations" classname="com.example.insurance.InsuranceDecisionTest" time="2.292">
    <system-out><![CDATA[18:00:05 WARN  [io.qu.ar.de.SplitPackageProcessor] (build-93) Detected a split package usage which is considered a bad practice and should be avoided. Following packages were detected in multiple archives: 
- "org.kie.kogito.decision" found in [org.kie.kogito:kogito-api::jar, org.kie.kogito:kogito-dmn::jar]
18:00:06 INFO  [or.ki.ko.co.ap.ut.AddonsConfigDiscovery] (build-79) Performed addonsConfig discovery, found: AddonsConfig{usePersistence=false, useTracing=false, useMonitoring=false, usePrometheusMonitoring=false, useCloudEvents=false, useExplainability=false, useProcessSVG=false, useEventDrivenDecisions=false, useEventDrivenRules=false}
18:00:06 INFO  [or.ki.ko.co.co.ut.ApplicationGeneratorDiscovery] (build-57) Generator discovery performed, found [rules, decisions]
18:00:06 INFO  [or.ki.ko.co.ru.RuleCodegen] (build-57) No rule unit is present: generate KieRuntimeBuilder implementation.
18:00:07 WARN  [or.ki.ko.co.de.DecisionValidation] (build-57) InsuranceRiskAssessment: DMN: Missing DMNEdge for '_ir_driver_2' (DMN id: _ir_driver_2, No DMNDiagramElement is associated with the element) 
18:00:07 WARN  [or.ki.ko.co.de.DecisionValidation] (build-57) InsuranceRiskAssessment: DMN: Missing DMNEdge for '_ir_vehicle_risk' (DMN id: _ir_vehicle_risk, No DMNDiagramElement is associated with the element) 
18:00:07 WARN  [or.ki.ko.co.de.DecisionValidation] (build-57) InsuranceRiskAssessment: DMN: Missing DMNEdge for '_ir_driver_risk' (DMN id: _ir_driver_risk, No DMNDiagramElement is associated with the element) 
18:00:07 WARN  [or.ki.ko.co.de.DecisionValidation] (build-57) InsuranceRiskAssessment: DMN: Missing DMNEdge for '_ir_vehicle' (DMN id: _ir_vehicle, No DMNDiagramElement is associated with the element) 
18:00:07 WARN  [or.ki.ko.co.de.DecisionValidation] (build-57) InsuranceRiskAssessment: DMN: Missing DMNEdge for '_ir_driver' (DMN id: _ir_driver, No DMNDiagramElement is associated with the element) 
18:00:07 WARN  [or.ki.ko.co.de.DecisionValidation] (build-57) InsuranceRiskAssessment: DMN: Decision table with single output on node 'Driver Risk Score' should not have output name (DMN id: _dt_output_risk_score, The referenced element should not have a name set) 
18:00:07 WARN  [or.ki.ko.co.de.DecisionValidation] (build-57) InsuranceRiskAssessment: DMN: Decision table with single output on node 'Vehicle Risk Factor' should not have output name (DMN id: _dt_output_vehicle_factor, The referenced element should not have a name set) 
18:00:07 WARN  [or.ki.ko.co.de.DecisionValidation] (build-57) InsuranceRiskAssessment: DMN: Decision table with single output on node 'Driver Risk Score' should not have an output type reference (DMN id: _dt_output_risk_score, The referenced element should not have a typeref set) 
18:00:07 WARN  [or.ki.ko.co.de.DecisionValidation] (build-57) InsuranceRiskAssessment: DMN: Decision table with single output on node 'Vehicle Risk Factor' should not have an output type reference (DMN id: _dt_output_vehicle_factor, The referenced element should not have a typeref set) 
18:00:08 INFO  [or.ki.ko.co.de.DecisionValidation] (build-57) Initializing DMN DT Validator...
18:00:08 INFO  [or.ki.ko.co.de.DecisionValidation] (build-57) DMN DT Validator initialized.
18:00:08 INFO  [or.ki.ko.co.de.DecisionValidation] (build-57) Analysing decision tables in DMN Model 'InsuranceRiskAssessment' ...
18:00:08 INFO  [or.ki.ko.co.de.DecisionValidation] (build-57)  analysis for decision table 'Driver Risk Score':
18:00:08 WARN  [or.ki.ko.co.de.DecisionValidation] (build-57)   Overlapping rules have different output value, so the HitPolicy for decision table 'Driver Risk Score' should be PRIORITY
18:00:08 WARN  [or.ki.ko.co.de.DecisionValidation] (build-57)   First Normal Form Violation: hit policy First is a violation of First Normal Form; consider changing for example to Priority
18:00:08 INFO  [or.ki.ko.co.de.DecisionValidation] (build-57)  analysis for decision table 'Vehicle Risk Factor':
18:00:08 WARN  [or.ki.ko.co.de.DecisionValidation] (build-57)   Columns: [Vehicle.Category] relate to FEEL string values which can be enumerated for the inputs; Gap analysis skipped.
18:00:13 INFO  [io.quarkus] (main) insurance-decision-service 1.0.0-SNAPSHOT on JVM (powered by Quarkus 3.8.4) started in 8.855s. Listening on: http://localhost:8081
18:00:13 INFO  [io.quarkus] (main) Profile test activated. 
18:00:13 INFO  [io.quarkus] (main) Installed features: [cdi, kogito-decisions, kogito-rules, resteasy-reactive, resteasy-reactive-jackson, smallrye-context-propagation, smallrye-openapi, swagger-ui, vertx]
18:00:14 INFO  [co.ex.in.li.InsuranceDecisionEventListener] (executor-thread-1) ???????????????????????????????????????????????????????????????????
18:00:14 INFO  [co.ex.in.li.InsuranceDecisionEventListener] (executor-thread-1) ? DMN EVALUATION STARTED
18:00:14 INFO  [co.ex.in.li.InsuranceDecisionEventListener] (executor-thread-1) ? Correlation ID: 30fd6094
18:00:14 INFO  [co.ex.in.li.InsuranceDecisionEventListener] (executor-thread-1) ? Timestamp: 2026-01-15 18:00:14.642
18:00:14 INFO  [co.ex.in.li.InsuranceDecisionEventListener] (executor-thread-1) ???????????????????????????????????????????????????????????????????
18:00:14 INFO  [co.ex.in.li.InsuranceDecisionEventListener] (executor-thread-1) ? INPUT DATA:
18:00:14 INFO  [co.ex.in.li.InsuranceDecisionEventListener] (executor-thread-1) ?   Driver = {YearsOfExperience=2, NumberOfViolations=3, Age=22}
18:00:14 INFO  [co.ex.in.li.InsuranceDecisionEventListener] (executor-thread-1) ?   Vehicle = {Category=Sports, Year=2023}
18:00:14 INFO  [co.ex.in.li.InsuranceDecisionEventListener] (executor-thread-1) ???????????????????????????????????????????????????????????????????
18:00:14 INFO  [co.ex.in.li.InsuranceDecisionEventListener] (executor-thread-1)   ? Evaluating Decision: Vehicle Risk Factor
18:00:14 INFO  [co.ex.in.li.InsuranceDecisionEventListener] (executor-thread-1)       ? Decision Table 'Vehicle Risk Factor' completed
18:00:14 INFO  [co.ex.in.li.InsuranceDecisionEventListener] (executor-thread-1)         ?? Rules Fired: [1]
18:00:14 INFO  [co.ex.in.li.InsuranceDecisionEventListener] (executor-thread-1)         ?? Selected Result: [1]
18:00:14 INFO  [co.ex.in.li.InsuranceDecisionEventListener] (executor-thread-1)   ? Decision 'Vehicle Risk Factor' completed
18:00:14 INFO  [co.ex.in.li.InsuranceDecisionEventListener] (executor-thread-1)     ?? Result: 1.5
18:00:14 INFO  [co.ex.in.li.InsuranceDecisionEventListener] (executor-thread-1)   ? Evaluating Decision: Driver Risk Score
18:00:14 INFO  [co.ex.in.li.InsuranceDecisionEventListener] (executor-thread-1)       ? Decision Table 'Driver Risk Score' completed
18:00:14 INFO  [co.ex.in.li.InsuranceDecisionEventListener] (executor-thread-1)         ?? Rules Fired: [1, 2, 3, 7]
18:00:14 INFO  [co.ex.in.li.InsuranceDecisionEventListener] (executor-thread-1)         ?? Selected Result: [1]
18:00:14 INFO  [co.ex.in.li.InsuranceDecisionEventListener] (executor-thread-1)   ? Decision 'Driver Risk Score' completed
18:00:14 INFO  [co.ex.in.li.InsuranceDecisionEventListener] (executor-thread-1)     ?? Result: 100
18:00:14 INFO  [co.ex.in.li.InsuranceDecisionEventListener] (executor-thread-1)   ? Evaluating Decision: Insurance Assessment
18:00:14 INFO  [co.ex.in.li.InsuranceDecisionEventListener] (executor-thread-1)   ? Decision 'Insurance Assessment' completed
18:00:14 INFO  [co.ex.in.li.InsuranceDecisionEventListener] (executor-thread-1)     ?? Result: {RiskCategory=High, BasePremium=2500, RiskScore=150.0, Eligible=false}
18:00:14 INFO  [co.ex.in.li.InsuranceDecisionEventListener] (executor-thread-1) ???????????????????????????????????????????????????????????????????
18:00:14 INFO  [co.ex.in.li.InsuranceDecisionEventListener] (executor-thread-1) ? DMN EVALUATION COMPLETED
18:00:14 INFO  [co.ex.in.li.InsuranceDecisionEventListener] (executor-thread-1) ? Timestamp: 2026-01-15 18:00:14.664
18:00:14 INFO  [co.ex.in.li.InsuranceDecisionEventListener] (executor-thread-1) ???????????????????????????????????????????????????????????????????
18:00:14 INFO  [co.ex.in.li.InsuranceDecisionEventListener] (executor-thread-1) ? DECISION RESULTS:
18:00:14 INFO  [co.ex.in.li.InsuranceDecisionEventListener] (executor-thread-1) ?   Decision: Driver Risk Score 
18:00:14 INFO  [co.ex.in.li.InsuranceDecisionEventListener] (executor-thread-1) ?     - Result: 100
18:00:14 INFO  [co.ex.in.li.InsuranceDecisionEventListener] (executor-thread-1) ?     - Status: SUCCEEDED
18:00:14 INFO  [co.ex.in.li.InsuranceDecisionEventListener] (executor-thread-1) ?   Decision: Insurance Assessment 
18:00:14 INFO  [co.ex.in.li.InsuranceDecisionEventListener] (executor-thread-1) ?     - Result: {RiskCategory=High, BasePremium=2500, RiskScore=150.0, Eligible=false}
18:00:14 INFO  [co.ex.in.li.InsuranceDecisionEventListener] (executor-thread-1) ?     - Status: SUCCEEDED
18:00:14 INFO  [co.ex.in.li.InsuranceDecisionEventListener] (executor-thread-1) ?   Decision: Vehicle Risk Factor 
18:00:14 INFO  [co.ex.in.li.InsuranceDecisionEventListener] (executor-thread-1) ?     - Result: 1.5
18:00:14 INFO  [co.ex.in.li.InsuranceDecisionEventListener] (executor-thread-1) ?     - Status: SUCCEEDED
18:00:14 INFO  [co.ex.in.li.InsuranceDecisionEventListener] (executor-thread-1) ???????????????????????????????????????????????????????????????????
]]></system-out>
    <system-err><![CDATA[ANTLR Tool version 4.10.1 used for code generation does not match the current runtime version 4.13.0
ANTLR Runtime version 4.10.1 used for parser compilation does not match the current runtime version 4.13.0
ANTLR Tool version 4.10.1 used for code generation does not match the current runtime version 4.13.0
ANTLR Runtime version 4.10.1 used for parser compilation does not match the current runtime version 4.13.0
ANTLR Tool version 4.10.1 used for code generation does not match the current runtime version 4.13.0
ANTLR Runtime version 4.10.1 used for parser compilation does not match the current runtime version 4.13.0
ANTLR Tool version 4.10.1 used for code generation does not match the current runtime version 4.13.0
ANTLR Runtime version 4.10.1 used for parser compilation does not match the current runtime version 4.13.0
]]></system-err>
  </testcase>
  <testcase name="testMediumRiskSeniorDriver" classname="com.example.insurance.InsuranceDecisionTest" time="0.118">
    <system-out><![CDATA[18:00:15 INFO  [co.ex.in.li.InsuranceDecisionEventListener] (executor-thread-1) ???????????????????????????????????????????????????????????????????
18:00:15 INFO  [co.ex.in.li.InsuranceDecisionEventListener] (executor-thread-1) ? DMN EVALUATION STARTED
18:00:15 INFO  [co.ex.in.li.InsuranceDecisionEventListener] (executor-thread-1) ? Correlation ID: 3cfc861f
18:00:15 INFO  [co.ex.in.li.InsuranceDecisionEventListener] (executor-thread-1) ? Timestamp: 2026-01-15 18:00:15.478
18:00:15 INFO  [co.ex.in.li.InsuranceDecisionEventListener] (executor-thread-1) ???????????????????????????????????????????????????????????????????
18:00:15 INFO  [co.ex.in.li.InsuranceDecisionEventListener] (executor-thread-1) ? INPUT DATA:
18:00:15 INFO  [co.ex.in.li.InsuranceDecisionEventListener] (executor-thread-1) ?   Driver = {YearsOfExperience=50, NumberOfViolations=0, Age=72}
18:00:15 INFO  [co.ex.in.li.InsuranceDecisionEventListener] (executor-thread-1) ?   Vehicle = {Category=Luxury, Year=2022}
18:00:15 INFO  [co.ex.in.li.InsuranceDecisionEventListener] (executor-thread-1) ???????????????????????????????????????????????????????????????????
18:00:15 INFO  [co.ex.in.li.InsuranceDecisionEventListener] (executor-thread-1)   ? Evaluating Decision: Vehicle Risk Factor
18:00:15 INFO  [co.ex.in.li.InsuranceDecisionEventListener] (executor-thread-1)       ? Decision Table 'Vehicle Risk Factor' completed
18:00:15 INFO  [co.ex.in.li.InsuranceDecisionEventListener] (executor-thread-1)         ?? Rules Fired: [2]
18:00:15 INFO  [co.ex.in.li.InsuranceDecisionEventListener] (executor-thread-1)         ?? Selected Result: [2]
18:00:15 INFO  [co.ex.in.li.InsuranceDecisionEventListener] (executor-thread-1)   ? Decision 'Vehicle Risk Factor' completed
18:00:15 INFO  [co.ex.in.li.InsuranceDecisionEventListener] (executor-thread-1)     ?? Result: 1.3
18:00:15 INFO  [co.ex.in.li.InsuranceDecisionEventListener] (executor-thread-1)   ? Evaluating Decision: Driver Risk Score
18:00:15 INFO  [co.ex.in.li.InsuranceDecisionEventListener] (executor-thread-1)       ? Decision Table 'Driver Risk Score' completed
18:00:15 INFO  [co.ex.in.li.InsuranceDecisionEventListener] (executor-thread-1)         ?? Rules Fired: [4, 7]
18:00:15 INFO  [co.ex.in.li.InsuranceDecisionEventListener] (executor-thread-1)         ?? Selected Result: [4]
18:00:15 INFO  [co.ex.in.li.InsuranceDecisionEventListener] (executor-thread-1)   ? Decision 'Driver Risk Score' completed
18:00:15 INFO  [co.ex.in.li.InsuranceDecisionEventListener] (executor-thread-1)     ?? Result: 60
18:00:15 INFO  [co.ex.in.li.InsuranceDecisionEventListener] (executor-thread-1)   ? Evaluating Decision: Insurance Assessment
18:00:15 INFO  [co.ex.in.li.InsuranceDecisionEventListener] (executor-thread-1)   ? Decision 'Insurance Assessment' completed
18:00:15 INFO  [co.ex.in.li.InsuranceDecisionEventListener] (executor-thread-1)     ?? Result: {RiskCategory=Medium, BasePremium=1500, RiskScore=78.0, Eligible=true}
18:00:15 INFO  [co.ex.in.li.InsuranceDecisionEventListener] (executor-thread-1) ???????????????????????????????????????????????????????????????????
18:00:15 INFO  [co.ex.in.li.InsuranceDecisionEventListener] (executor-thread-1) ? DMN EVALUATION COMPLETED
18:00:15 INFO  [co.ex.in.li.InsuranceDecisionEventListener] (executor-thread-1) ? Timestamp: 2026-01-15 18:00:15.482
18:00:15 INFO  [co.ex.in.li.InsuranceDecisionEventListener] (executor-thread-1) ???????????????????????????????????????????????????????????????????
18:00:15 INFO  [co.ex.in.li.InsuranceDecisionEventListener] (executor-thread-1) ? DECISION RESULTS:
18:00:15 INFO  [co.ex.in.li.InsuranceDecisionEventListener] (executor-thread-1) ?   Decision: Driver Risk Score 
18:00:15 INFO  [co.ex.in.li.InsuranceDecisionEventListener] (executor-thread-1) ?     - Result: 60
18:00:15 INFO  [co.ex.in.li.InsuranceDecisionEventListener] (executor-thread-1) ?     - Status: SUCCEEDED
18:00:15 INFO  [co.ex.in.li.InsuranceDecisionEventListener] (executor-thread-1) ?   Decision: Insurance Assessment 
18:00:15 INFO  [co.ex.in.li.InsuranceDecisionEventListener] (executor-thread-1) ?     - Result: {RiskCategory=Medium, BasePremium=1500, RiskScore=78.0, Eligible=true}
18:00:15 INFO  [co.ex.in.li.InsuranceDecisionEventListener] (executor-thread-1) ?     - Status: SUCCEEDED
18:00:15 INFO  [co.ex.in.li.InsuranceDecisionEventListener] (executor-thread-1) ?   Decision: Vehicle Risk Factor 
18:00:15 INFO  [co.ex.in.li.InsuranceDecisionEventListener] (executor-thread-1) ?     - Result: 1.3
18:00:15 INFO  [co.ex.in.li.InsuranceDecisionEventListener] (executor-thread-1) ?     - Status: SUCCEEDED
18:00:15 INFO  [co.ex.in.li.InsuranceDecisionEventListener] (executor-thread-1) ???????????????????????????????????????????????????????????????????
]]></system-out>
  </testcase>
  <testcase name="testAgeBoundary25" classname="com.example.insurance.InsuranceDecisionTest" time="0.074">
    <system-out><![CDATA[18:00:15 INFO  [co.ex.in.li.InsuranceDecisionEventListener] (executor-thread-1) ???????????????????????????????????????????????????????????????????
18:00:15 INFO  [co.ex.in.li.InsuranceDecisionEventListener] (executor-thread-1) ? DMN EVALUATION STARTED
18:00:15 INFO  [co.ex.in.li.InsuranceDecisionEventListener] (executor-thread-1) ? Correlation ID: ef75efa3
18:00:15 INFO  [co.ex.in.li.InsuranceDecisionEventListener] (executor-thread-1) ? Timestamp: 2026-01-15 18:00:15.598
18:00:15 INFO  [co.ex.in.li.InsuranceDecisionEventListener] (executor-thread-1) ???????????????????????????????????????????????????????????????????
18:00:15 INFO  [co.ex.in.li.InsuranceDecisionEventListener] (executor-thread-1) ? INPUT DATA:
18:00:15 INFO  [co.ex.in.li.InsuranceDecisionEventListener] (executor-thread-1) ?   Driver = {YearsOfExperience=5, NumberOfViolations=0, Age=25}
18:00:15 INFO  [co.ex.in.li.InsuranceDecisionEventListener] (executor-thread-1) ?   Vehicle = {Category=Standard, Year=2020}
18:00:15 INFO  [co.ex.in.li.InsuranceDecisionEventListener] (executor-thread-1) ???????????????????????????????????????????????????????????????????
18:00:15 INFO  [co.ex.in.li.InsuranceDecisionEventListener] (executor-thread-1)   ? Evaluating Decision: Vehicle Risk Factor
18:00:15 INFO  [co.ex.in.li.InsuranceDecisionEventListener] (executor-thread-1)       ? Decision Table 'Vehicle Risk Factor' completed
18:00:15 INFO  [co.ex.in.li.InsuranceDecisionEventListener] (executor-thread-1)         ?? Rules Fired: [4]
18:00:15 INFO  [co.ex.in.li.InsuranceDecisionEventListener] (executor-thread-1)         ?? Selected Result: [4]
18:00:15 INFO  [co.ex.in.li.InsuranceDecisionEventListener] (executor-thread-1)   ? Decision 'Vehicle Risk Factor' completed
18:00:15 INFO  [co.ex.in.li.InsuranceDecisionEventListener] (executor-thread-1)     ?? Result: 1.0
18:00:15 INFO  [co.ex.in.li.InsuranceDecisionEventListener] (executor-thread-1)   ? Evaluating Decision: Driver Risk Score
18:00:15 INFO  [co.ex.in.li.InsuranceDecisionEventListener] (executor-thread-1)       ? Decision Table 'Driver Risk Score' completed
18:00:15 INFO  [co.ex.in.li.InsuranceDecisionEventListener] (executor-thread-1)         ?? Rules Fired: [6, 7]
18:00:15 INFO  [co.ex.in.li.InsuranceDecisionEventListener] (executor-thread-1)         ?? Selected Result: [6]
18:00:15 INFO  [co.ex.in.li.InsuranceDecisionEventListener] (executor-thread-1)   ? Decision 'Driver Risk Score' completed
18:00:15 INFO  [co.ex.in.li.InsuranceDecisionEventListener] (executor-thread-1)     ?? Result: 20
18:00:15 INFO  [co.ex.in.li.InsuranceDecisionEventListener] (executor-thread-1)   ? Evaluating Decision: Insurance Assessment
18:00:15 INFO  [co.ex.in.li.InsuranceDecisionEventListener] (executor-thread-1)   ? Decision 'Insurance Assessment' completed
18:00:15 INFO  [co.ex.in.li.InsuranceDecisionEventListener] (executor-thread-1)     ?? Result: {RiskCategory=Low, BasePremium=800, RiskScore=20.0, Eligible=true}
18:00:15 INFO  [co.ex.in.li.InsuranceDecisionEventListener] (executor-thread-1) ???????????????????????????????????????????????????????????????????
18:00:15 INFO  [co.ex.in.li.InsuranceDecisionEventListener] (executor-thread-1) ? DMN EVALUATION COMPLETED
18:00:15 INFO  [co.ex.in.li.InsuranceDecisionEventListener] (executor-thread-1) ? Timestamp: 2026-01-15 18:00:15.603
18:00:15 INFO  [co.ex.in.li.InsuranceDecisionEventListener] (executor-thread-1) ???????????????????????????????????????????????????????????????????
18:00:15 INFO  [co.ex.in.li.InsuranceDecisionEventListener] (executor-thread-1) ? DECISION RESULTS:
18:00:15 INFO  [co.ex.in.li.InsuranceDecisionEventListener] (executor-thread-1) ?   Decision: Driver Risk Score 
18:00:15 INFO  [co.ex.in.li.InsuranceDecisionEventListener] (executor-thread-1) ?     - Result: 20
18:00:15 INFO  [co.ex.in.li.InsuranceDecisionEventListener] (executor-thread-1) ?     - Status: SUCCEEDED
18:00:15 INFO  [co.ex.in.li.InsuranceDecisionEventListener] (executor-thread-1) ?   Decision: Insurance Assessment 
18:00:15 INFO  [co.ex.in.li.InsuranceDecisionEventListener] (executor-thread-1) ?     - Result: {RiskCategory=Low, BasePremium=800, RiskScore=20.0, Eligible=true}
18:00:15 INFO  [co.ex.in.li.InsuranceDecisionEventListener] (executor-thread-1) ?     - Status: SUCCEEDED
18:00:15 INFO  [co.ex.in.li.InsuranceDecisionEventListener] (executor-thread-1) ?   Decision: Vehicle Risk Factor 
18:00:15 INFO  [co.ex.in.li.InsuranceDecisionEventListener] (executor-thread-1) ?     - Result: 1.0
18:00:15 INFO  [co.ex.in.li.InsuranceDecisionEventListener] (executor-thread-1) ?     - Status: SUCCEEDED
18:00:15 INFO  [co.ex.in.li.InsuranceDecisionEventListener] (executor-thread-1) ???????????????????????????????????????????????????????????????????
]]></system-out>
  </testcase>
  <testcase name="testAgeBoundary70" classname="com.example.insurance.InsuranceDecisionTest" time="0.053">
    <system-out><![CDATA[18:00:15 INFO  [co.ex.in.li.InsuranceDecisionEventListener] (executor-thread-1) ???????????????????????????????????????????????????????????????????
18:00:15 INFO  [co.ex.in.li.InsuranceDecisionEventListener] (executor-thread-1) ? DMN EVALUATION STARTED
18:00:15 INFO  [co.ex.in.li.InsuranceDecisionEventListener] (executor-thread-1) ? Correlation ID: c85c0af9
18:00:15 INFO  [co.ex.in.li.InsuranceDecisionEventListener] (executor-thread-1) ? Timestamp: 2026-01-15 18:00:15.669
18:00:15 INFO  [co.ex.in.li.InsuranceDecisionEventListener] (executor-thread-1) ???????????????????????????????????????????????????????????????????
18:00:15 INFO  [co.ex.in.li.InsuranceDecisionEventListener] (executor-thread-1) ? INPUT DATA:
18:00:15 INFO  [co.ex.in.li.InsuranceDecisionEventListener] (executor-thread-1) ?   Driver = {YearsOfExperience=45, NumberOfViolations=0, Age=70}
18:00:15 INFO  [co.ex.in.li.InsuranceDecisionEventListener] (executor-thread-1) ?   Vehicle = {Category=Standard, Year=2020}
18:00:15 INFO  [co.ex.in.li.InsuranceDecisionEventListener] (executor-thread-1) ???????????????????????????????????????????????????????????????????
18:00:15 INFO  [co.ex.in.li.InsuranceDecisionEventListener] (executor-thread-1)   ? Evaluating Decision: Vehicle Risk Factor
18:00:15 INFO  [co.ex.in.li.InsuranceDecisionEventListener] (executor-thread-1)       ? Decision Table 'Vehicle Risk Factor' completed
18:00:15 INFO  [co.ex.in.li.InsuranceDecisionEventListener] (executor-thread-1)         ?? Rules Fired: [4]
18:00:15 INFO  [co.ex.in.li.InsuranceDecisionEventListener] (executor-thread-1)         ?? Selected Result: [4]
18:00:15 INFO  [co.ex.in.li.InsuranceDecisionEventListener] (executor-thread-1)   ? Decision 'Vehicle Risk Factor' completed
18:00:15 INFO  [co.ex.in.li.InsuranceDecisionEventListener] (executor-thread-1)     ?? Result: 1.0
18:00:15 INFO  [co.ex.in.li.InsuranceDecisionEventListener] (executor-thread-1)   ? Evaluating Decision: Driver Risk Score
18:00:15 INFO  [co.ex.in.li.InsuranceDecisionEventListener] (executor-thread-1)       ? Decision Table 'Driver Risk Score' completed
18:00:15 INFO  [co.ex.in.li.InsuranceDecisionEventListener] (executor-thread-1)         ?? Rules Fired: [4, 7]
18:00:15 INFO  [co.ex.in.li.InsuranceDecisionEventListener] (executor-thread-1)         ?? Selected Result: [4]
18:00:15 INFO  [co.ex.in.li.InsuranceDecisionEventListener] (executor-thread-1)   ? Decision 'Driver Risk Score' completed
18:00:15 INFO  [co.ex.in.li.InsuranceDecisionEventListener] (executor-thread-1)     ?? Result: 60
18:00:15 INFO  [co.ex.in.li.InsuranceDecisionEventListener] (executor-thread-1)   ? Evaluating Decision: Insurance Assessment
18:00:15 INFO  [co.ex.in.li.InsuranceDecisionEventListener] (executor-thread-1)   ? Decision 'Insurance Assessment' completed
18:00:15 INFO  [co.ex.in.li.InsuranceDecisionEventListener] (executor-thread-1)     ?? Result: {RiskCategory=Medium, BasePremium=1500, RiskScore=60.0, Eligible=true}
18:00:15 INFO  [co.ex.in.li.InsuranceDecisionEventListener] (executor-thread-1) ???????????????????????????????????????????????????????????????????
18:00:15 INFO  [co.ex.in.li.InsuranceDecisionEventListener] (executor-thread-1) ? DMN EVALUATION COMPLETED
18:00:15 INFO  [co.ex.in.li.InsuranceDecisionEventListener] (executor-thread-1) ? Timestamp: 2026-01-15 18:00:15.673
18:00:15 INFO  [co.ex.in.li.InsuranceDecisionEventListener] (executor-thread-1) ???????????????????????????????????????????????????????????????????
18:00:15 INFO  [co.ex.in.li.InsuranceDecisionEventListener] (executor-thread-1) ? DECISION RESULTS:
18:00:15 INFO  [co.ex.in.li.InsuranceDecisionEventListener] (executor-thread-1) ?   Decision: Driver Risk Score 
18:00:15 INFO  [co.ex.in.li.InsuranceDecisionEventListener] (executor-thread-1) ?     - Result: 60
18:00:15 INFO  [co.ex.in.li.InsuranceDecisionEventListener] (executor-thread-1) ?     - Status: SUCCEEDED
18:00:15 INFO  [co.ex.in.li.InsuranceDecisionEventListener] (executor-thread-1) ?   Decision: Insurance Assessment 
18:00:15 INFO  [co.ex.in.li.InsuranceDecisionEventListener] (executor-thread-1) ?     - Result: {RiskCategory=Medium, BasePremium=1500, RiskScore=60.0, Eligible=true}
18:00:15 INFO  [co.ex.in.li.InsuranceDecisionEventListener] (executor-thread-1) ?     - Status: SUCCEEDED
18:00:15 INFO  [co.ex.in.li.InsuranceDecisionEventListener] (executor-thread-1) ?   Decision: Vehicle Risk Factor 
18:00:15 INFO  [co.ex.in.li.InsuranceDecisionEventListener] (executor-thread-1) ?     - Result: 1.0
18:00:15 INFO  [co.ex.in.li.InsuranceDecisionEventListener] (executor-thread-1) ?     - Status: SUCCEEDED
18:00:15 INFO  [co.ex.in.li.InsuranceDecisionEventListener] (executor-thread-1) ???????????????????????????????????????????????????????????????????
]]></system-out>
  </testcase>
  <testcase name="testHighRiskYoungInexperiencedDriver" classname="com.example.insurance.InsuranceDecisionTest" time="0.131">
    <system-out><![CDATA[18:00:15 INFO  [co.ex.in.li.InsuranceDecisionEventListener] (executor-thread-1) ???????????????????????????????????????????????????????????????????
18:00:15 INFO  [co.ex.in.li.InsuranceDecisionEventListener] (executor-thread-1) ? DMN EVALUATION STARTED
18:00:15 INFO  [co.ex.in.li.InsuranceDecisionEventListener] (executor-thread-1) ? Correlation ID: 2b1ecbfc
18:00:15 INFO  [co.ex.in.li.InsuranceDecisionEventListener] (executor-thread-1) ? Timestamp: 2026-01-15 18:00:15.725
18:00:15 INFO  [co.ex.in.li.InsuranceDecisionEventListener] (executor-thread-1) ???????????????????????????????????????????????????????????????????
18:00:15 INFO  [co.ex.in.li.InsuranceDecisionEventListener] (executor-thread-1) ? INPUT DATA:
18:00:15 INFO  [co.ex.in.li.InsuranceDecisionEventListener] (executor-thread-1) ?   Driver = {YearsOfExperience=1, NumberOfViolations=0, Age=19}
18:00:15 INFO  [co.ex.in.li.InsuranceDecisionEventListener] (executor-thread-1) ?   Vehicle = {Category=Standard, Year=2018}
18:00:15 INFO  [co.ex.in.li.InsuranceDecisionEventListener] (executor-thread-1) ???????????????????????????????????????????????????????????????????
18:00:15 INFO  [co.ex.in.li.InsuranceDecisionEventListener] (executor-thread-1)   ? Evaluating Decision: Vehicle Risk Factor
18:00:15 INFO  [co.ex.in.li.InsuranceDecisionEventListener] (executor-thread-1)       ? Decision Table 'Vehicle Risk Factor' completed
18:00:15 INFO  [co.ex.in.li.InsuranceDecisionEventListener] (executor-thread-1)         ?? Rules Fired: [4]
18:00:15 INFO  [co.ex.in.li.InsuranceDecisionEventListener] (executor-thread-1)         ?? Selected Result: [4]
18:00:15 INFO  [co.ex.in.li.InsuranceDecisionEventListener] (executor-thread-1)   ? Decision 'Vehicle Risk Factor' completed
18:00:15 INFO  [co.ex.in.li.InsuranceDecisionEventListener] (executor-thread-1)     ?? Result: 1.0
18:00:15 INFO  [co.ex.in.li.InsuranceDecisionEventListener] (executor-thread-1)   ? Evaluating Decision: Driver Risk Score
18:00:15 INFO  [co.ex.in.li.InsuranceDecisionEventListener] (executor-thread-1)       ? Decision Table 'Driver Risk Score' completed
18:00:15 INFO  [co.ex.in.li.InsuranceDecisionEventListener] (executor-thread-1)         ?? Rules Fired: [2, 7]
18:00:15 INFO  [co.ex.in.li.InsuranceDecisionEventListener] (executor-thread-1)         ?? Selected Result: [2]
18:00:15 INFO  [co.ex.in.li.InsuranceDecisionEventListener] (executor-thread-1)   ? Decision 'Driver Risk Score' completed
18:00:15 INFO  [co.ex.in.li.InsuranceDecisionEventListener] (executor-thread-1)     ?? Result: 80
18:00:15 INFO  [co.ex.in.li.InsuranceDecisionEventListener] (executor-thread-1)   ? Evaluating Decision: Insurance Assessment
18:00:15 INFO  [co.ex.in.li.InsuranceDecisionEventListener] (executor-thread-1)   ? Decision 'Insurance Assessment' completed
18:00:15 INFO  [co.ex.in.li.InsuranceDecisionEventListener] (executor-thread-1)     ?? Result: {RiskCategory=High, BasePremium=2500, RiskScore=80.0, Eligible=true}
18:00:15 INFO  [co.ex.in.li.InsuranceDecisionEventListener] (executor-thread-1) ???????????????????????????????????????????????????????????????????
18:00:15 INFO  [co.ex.in.li.InsuranceDecisionEventListener] (executor-thread-1) ? DMN EVALUATION COMPLETED
18:00:15 INFO  [co.ex.in.li.InsuranceDecisionEventListener] (executor-thread-1) ? Timestamp: 2026-01-15 18:00:15.727
18:00:15 INFO  [co.ex.in.li.InsuranceDecisionEventListener] (executor-thread-1) ???????????????????????????????????????????????????????????????????
18:00:15 INFO  [co.ex.in.li.InsuranceDecisionEventListener] (executor-thread-1) ? DECISION RESULTS:
18:00:15 INFO  [co.ex.in.li.InsuranceDecisionEventListener] (executor-thread-1) ?   Decision: Driver Risk Score 
18:00:15 INFO  [co.ex.in.li.InsuranceDecisionEventListener] (executor-thread-1) ?     - Result: 80
18:00:15 INFO  [co.ex.in.li.InsuranceDecisionEventListener] (executor-thread-1) ?     - Status: SUCCEEDED
18:00:15 INFO  [co.ex.in.li.InsuranceDecisionEventListener] (executor-thread-1) ?   Decision: Insurance Assessment 
18:00:15 INFO  [co.ex.in.li.InsuranceDecisionEventListener] (executor-thread-1) ?     - Result: {RiskCategory=High, BasePremium=2500, RiskScore=80.0, Eligible=true}
18:00:15 INFO  [co.ex.in.li.InsuranceDecisionEventListener] (executor-thread-1) ?     - Status: SUCCEEDED
18:00:15 INFO  [co.ex.in.li.InsuranceDecisionEventListener] (executor-thread-1) ?   Decision: Vehicle Risk Factor 
18:00:15 INFO  [co.ex.in.li.InsuranceDecisionEventListener] (executor-thread-1) ?     - Result: 1.0
18:00:15 INFO  [co.ex.in.li.InsuranceDecisionEventListener] (executor-thread-1) ?     - Status: SUCCEEDED
18:00:15 INFO  [co.ex.in.li.InsuranceDecisionEventListener] (executor-thread-1) ???????????????????????????????????????????????????????????????????
]]></system-out>
  </testcase>
  <testcase name="testLowRiskMiddleAgedDriver" classname="com.example.insurance.InsuranceDecisionTest" time="0.134">
    <system-out><![CDATA[18:00:15 INFO  [co.ex.in.li.InsuranceDecisionEventListener] (executor-thread-1) ???????????????????????????????????????????????????????????????????
18:00:15 INFO  [co.ex.in.li.InsuranceDecisionEventListener] (executor-thread-1) ? DMN EVALUATION STARTED
18:00:15 INFO  [co.ex.in.li.InsuranceDecisionEventListener] (executor-thread-1) ? Correlation ID: daf929e2
18:00:15 INFO  [co.ex.in.li.InsuranceDecisionEventListener] (executor-thread-1) ? Timestamp: 2026-01-15 18:00:15.862
18:00:15 INFO  [co.ex.in.li.InsuranceDecisionEventListener] (executor-thread-1) ???????????????????????????????????????????????????????????????????
18:00:15 INFO  [co.ex.in.li.InsuranceDecisionEventListener] (executor-thread-1) ? INPUT DATA:
18:00:15 INFO  [co.ex.in.li.InsuranceDecisionEventListener] (executor-thread-1) ?   Driver = {YearsOfExperience=10, NumberOfViolations=1, Age=35}
18:00:15 INFO  [co.ex.in.li.InsuranceDecisionEventListener] (executor-thread-1) ?   Vehicle = {Category=Standard, Year=2020}
18:00:15 INFO  [co.ex.in.li.InsuranceDecisionEventListener] (executor-thread-1) ???????????????????????????????????????????????????????????????????
18:00:15 INFO  [co.ex.in.li.InsuranceDecisionEventListener] (executor-thread-1)   ? Evaluating Decision: Vehicle Risk Factor
18:00:15 INFO  [co.ex.in.li.InsuranceDecisionEventListener] (executor-thread-1)       ? Decision Table 'Vehicle Risk Factor' completed
18:00:15 INFO  [co.ex.in.li.InsuranceDecisionEventListener] (executor-thread-1)         ?? Rules Fired: [4]
18:00:15 INFO  [co.ex.in.li.InsuranceDecisionEventListener] (executor-thread-1)         ?? Selected Result: [4]
18:00:15 INFO  [co.ex.in.li.InsuranceDecisionEventListener] (executor-thread-1)   ? Decision 'Vehicle Risk Factor' completed
18:00:15 INFO  [co.ex.in.li.InsuranceDecisionEventListener] (executor-thread-1)     ?? Result: 1.0
18:00:15 INFO  [co.ex.in.li.InsuranceDecisionEventListener] (executor-thread-1)   ? Evaluating Decision: Driver Risk Score
18:00:15 INFO  [co.ex.in.li.InsuranceDecisionEventListener] (executor-thread-1)       ? Decision Table 'Driver Risk Score' completed
18:00:15 INFO  [co.ex.in.li.InsuranceDecisionEventListener] (executor-thread-1)         ?? Rules Fired: [5, 7]
18:00:15 INFO  [co.ex.in.li.InsuranceDecisionEventListener] (executor-thread-1)         ?? Selected Result: [5]
18:00:15 INFO  [co.ex.in.li.InsuranceDecisionEventListener] (executor-thread-1)   ? Decision 'Driver Risk Score' completed
18:00:15 INFO  [co.ex.in.li.InsuranceDecisionEventListener] (executor-thread-1)     ?? Result: 40
18:00:15 INFO  [co.ex.in.li.InsuranceDecisionEventListener] (executor-thread-1)   ? Evaluating Decision: Insurance Assessment
18:00:15 INFO  [co.ex.in.li.InsuranceDecisionEventListener] (executor-thread-1)   ? Decision 'Insurance Assessment' completed
18:00:15 INFO  [co.ex.in.li.InsuranceDecisionEventListener] (executor-thread-1)     ?? Result: {RiskCategory=Low, BasePremium=800, RiskScore=40.0, Eligible=true}
18:00:15 INFO  [co.ex.in.li.InsuranceDecisionEventListener] (executor-thread-1) ???????????????????????????????????????????????????????????????????
18:00:15 INFO  [co.ex.in.li.InsuranceDecisionEventListener] (executor-thread-1) ? DMN EVALUATION COMPLETED
18:00:15 INFO  [co.ex.in.li.InsuranceDecisionEventListener] (executor-thread-1) ? Timestamp: 2026-01-15 18:00:15.865
18:00:15 INFO  [co.ex.in.li.InsuranceDecisionEventListener] (executor-thread-1) ???????????????????????????????????????????????????????????????????
18:00:15 INFO  [co.ex.in.li.InsuranceDecisionEventListener] (executor-thread-1) ? DECISION RESULTS:
18:00:15 INFO  [co.ex.in.li.InsuranceDecisionEventListener] (executor-thread-1) ?   Decision: Driver Risk Score 
18:00:15 INFO  [co.ex.in.li.InsuranceDecisionEventListener] (executor-thread-1) ?     - Result: 40
18:00:15 INFO  [co.ex.in.li.InsuranceDecisionEventListener] (executor-thread-1) ?     - Status: SUCCEEDED
18:00:15 INFO  [co.ex.in.li.InsuranceDecisionEventListener] (executor-thread-1) ?   Decision: Insurance Assessment 
18:00:15 INFO  [co.ex.in.li.InsuranceDecisionEventListener] (executor-thread-1) ?     - Result: {RiskCategory=Low, BasePremium=800, RiskScore=40.0, Eligible=true}
18:00:15 INFO  [co.ex.in.li.InsuranceDecisionEventListener] (executor-thread-1) ?     - Status: SUCCEEDED
18:00:15 INFO  [co.ex.in.li.InsuranceDecisionEventListener] (executor-thread-1) ?   Decision: Vehicle Risk Factor 
18:00:15 INFO  [co.ex.in.li.InsuranceDecisionEventListener] (executor-thread-1) ?     - Result: 1.0
18:00:15 INFO  [co.ex.in.li.InsuranceDecisionEventListener] (executor-thread-1) ?     - Status: SUCCEEDED
18:00:15 INFO  [co.ex.in.li.InsuranceDecisionEventListener] (executor-thread-1) ???????????????????????????????????????????????????????????????????
]]></system-out>
  </testcase>
  <testcase name="testLowRiskExperiencedDriver" classname="com.example.insurance.InsuranceDecisionTest" time="0.106">
    <system-out><![CDATA[18:00:15 INFO  [co.ex.in.li.InsuranceDecisionEventListener] (executor-thread-1) ???????????????????????????????????????????????????????????????????
18:00:15 INFO  [co.ex.in.li.InsuranceDecisionEventListener] (executor-thread-1) ? DMN EVALUATION STARTED
18:00:15 INFO  [co.ex.in.li.InsuranceDecisionEventListener] (executor-thread-1) ? Correlation ID: 8b524a72
18:00:15 INFO  [co.ex.in.li.InsuranceDecisionEventListener] (executor-thread-1) ? Timestamp: 2026-01-15 18:00:15.994
18:00:15 INFO  [co.ex.in.li.InsuranceDecisionEventListener] (executor-thread-1) ???????????????????????????????????????????????????????????????????
18:00:15 INFO  [co.ex.in.li.InsuranceDecisionEventListener] (executor-thread-1) ? INPUT DATA:
18:00:15 INFO  [co.ex.in.li.InsuranceDecisionEventListener] (executor-thread-1) ?   Driver = {YearsOfExperience=20, NumberOfViolations=0, Age=45}
18:00:15 INFO  [co.ex.in.li.InsuranceDecisionEventListener] (executor-thread-1) ?   Vehicle = {Category=Economy, Year=2020}
18:00:15 INFO  [co.ex.in.li.InsuranceDecisionEventListener] (executor-thread-1) ???????????????????????????????????????????????????????????????????
18:00:15 INFO  [co.ex.in.li.InsuranceDecisionEventListener] (executor-thread-1)   ? Evaluating Decision: Vehicle Risk Factor
18:00:15 INFO  [co.ex.in.li.InsuranceDecisionEventListener] (executor-thread-1)       ? Decision Table 'Vehicle Risk Factor' completed
18:00:15 INFO  [co.ex.in.li.InsuranceDecisionEventListener] (executor-thread-1)         ?? Rules Fired: [5]
18:00:15 INFO  [co.ex.in.li.InsuranceDecisionEventListener] (executor-thread-1)         ?? Selected Result: [5]
18:00:15 INFO  [co.ex.in.li.InsuranceDecisionEventListener] (executor-thread-1)   ? Decision 'Vehicle Risk Factor' completed
18:00:15 INFO  [co.ex.in.li.InsuranceDecisionEventListener] (executor-thread-1)     ?? Result: 0.9
18:00:15 INFO  [co.ex.in.li.InsuranceDecisionEventListener] (executor-thread-1)   ? Evaluating Decision: Driver Risk Score
18:00:15 INFO  [co.ex.in.li.InsuranceDecisionEventListener] (executor-thread-1)       ? Decision Table 'Driver Risk Score' completed
18:00:15 INFO  [co.ex.in.li.InsuranceDecisionEventListener] (executor-thread-1)         ?? Rules Fired: [6, 7]
18:00:15 INFO  [co.ex.in.li.InsuranceDecisionEventListener] (executor-thread-1)         ?? Selected Result: [6]
18:00:15 INFO  [co.ex.in.li.InsuranceDecisionEventListener] (executor-thread-1)   ? Decision 'Driver Risk Score' completed
18:00:15 INFO  [co.ex.in.li.InsuranceDecisionEventListener] (executor-thread-1)     ?? Result: 20
18:00:15 INFO  [co.ex.in.li.InsuranceDecisionEventListener] (executor-thread-1)   ? Evaluating Decision: Insurance Assessment
18:00:15 INFO  [co.ex.in.li.InsuranceDecisionEventListener] (executor-thread-1)   ? Decision 'Insurance Assessment' completed
18:00:15 INFO  [co.ex.in.li.InsuranceDecisionEventListener] (executor-thread-1)     ?? Result: {RiskCategory=Low, BasePremium=800, RiskScore=18.0, Eligible=true}
18:00:15 INFO  [co.ex.in.li.InsuranceDecisionEventListener] (executor-thread-1) ???????????????????????????????????????????????????????????????????
18:00:15 INFO  [co.ex.in.li.InsuranceDecisionEventListener] (executor-thread-1) ? DMN EVALUATION COMPLETED
18:00:15 INFO  [co.ex.in.li.InsuranceDecisionEventListener] (executor-thread-1) ? Timestamp: 2026-01-15 18:00:15.997
18:00:15 INFO  [co.ex.in.li.InsuranceDecisionEventListener] (executor-thread-1) ???????????????????????????????????????????????????????????????????
18:00:15 INFO  [co.ex.in.li.InsuranceDecisionEventListener] (executor-thread-1) ? DECISION RESULTS:
18:00:15 INFO  [co.ex.in.li.InsuranceDecisionEventListener] (executor-thread-1) ?   Decision: Driver Risk Score 
18:00:15 INFO  [co.ex.in.li.InsuranceDecisionEventListener] (executor-thread-1) ?     - Result: 20
18:00:15 INFO  [co.ex.in.li.InsuranceDecisionEventListener] (executor-thread-1) ?     - Status: SUCCEEDED
18:00:15 INFO  [co.ex.in.li.InsuranceDecisionEventListener] (executor-thread-1) ?   Decision: Insurance Assessment 
18:00:15 INFO  [co.ex.in.li.InsuranceDecisionEventListener] (executor-thread-1) ?     - Result: {RiskCategory=Low, BasePremium=800, RiskScore=18.0, Eligible=true}
18:00:15 INFO  [co.ex.in.li.InsuranceDecisionEventListener] (executor-thread-1) ?     - Status: SUCCEEDED
18:00:15 INFO  [co.ex.in.li.InsuranceDecisionEventListener] (executor-thread-1) ?   Decision: Vehicle Risk Factor 
18:00:15 INFO  [co.ex.in.li.InsuranceDecisionEventListener] (executor-thread-1) ?     - Result: 0.9
18:00:15 INFO  [co.ex.in.li.InsuranceDecisionEventListener] (executor-thread-1) ?     - Status: SUCCEEDED
18:00:15 INFO  [co.ex.in.li.InsuranceDecisionEventListener] (executor-thread-1) ???????????????????????????????????????????????????????????????????
]]></system-out>
  </testcase>
  <testcase name="testResponseStructure" classname="com.example.insurance.InsuranceDecisionTest" time="0.12">
    <system-out><![CDATA[18:00:16 INFO  [co.ex.in.li.InsuranceDecisionEventListener] (executor-thread-1) ???????????????????????????????????????????????????????????????????
18:00:16 INFO  [co.ex.in.li.InsuranceDecisionEventListener] (executor-thread-1) ? DMN EVALUATION STARTED
18:00:16 INFO  [co.ex.in.li.InsuranceDecisionEventListener] (executor-thread-1) ? Correlation ID: 7714f78c
18:00:16 INFO  [co.ex.in.li.InsuranceDecisionEventListener] (executor-thread-1) ? Timestamp: 2026-01-15 18:00:16.100
18:00:16 INFO  [co.ex.in.li.InsuranceDecisionEventListener] (executor-thread-1) ???????????????????????????????????????????????????????????????????
18:00:16 INFO  [co.ex.in.li.InsuranceDecisionEventListener] (executor-thread-1) ? INPUT DATA:
18:00:16 INFO  [co.ex.in.li.InsuranceDecisionEventListener] (executor-thread-1) ?   Driver = {YearsOfExperience=8, NumberOfViolations=0, Age=30}
18:00:16 INFO  [co.ex.in.li.InsuranceDecisionEventListener] (executor-thread-1) ?   Vehicle = {Category=Standard, Year=2021}
18:00:16 INFO  [co.ex.in.li.InsuranceDecisionEventListener] (executor-thread-1) ???????????????????????????????????????????????????????????????????
18:00:16 INFO  [co.ex.in.li.InsuranceDecisionEventListener] (executor-thread-1)   ? Evaluating Decision: Vehicle Risk Factor
18:00:16 INFO  [co.ex.in.li.InsuranceDecisionEventListener] (executor-thread-1)       ? Decision Table 'Vehicle Risk Factor' completed
18:00:16 INFO  [co.ex.in.li.InsuranceDecisionEventListener] (executor-thread-1)         ?? Rules Fired: [4]
18:00:16 INFO  [co.ex.in.li.InsuranceDecisionEventListener] (executor-thread-1)         ?? Selected Result: [4]
18:00:16 INFO  [co.ex.in.li.InsuranceDecisionEventListener] (executor-thread-1)   ? Decision 'Vehicle Risk Factor' completed
18:00:16 INFO  [co.ex.in.li.InsuranceDecisionEventListener] (executor-thread-1)     ?? Result: 1.0
18:00:16 INFO  [co.ex.in.li.InsuranceDecisionEventListener] (executor-thread-1)   ? Evaluating Decision: Driver Risk Score
18:00:16 INFO  [co.ex.in.li.InsuranceDecisionEventListener] (executor-thread-1)       ? Decision Table 'Driver Risk Score' completed
18:00:16 INFO  [co.ex.in.li.InsuranceDecisionEventListener] (executor-thread-1)         ?? Rules Fired: [6, 7]
18:00:16 INFO  [co.ex.in.li.InsuranceDecisionEventListener] (executor-thread-1)         ?? Selected Result: [6]
18:00:16 INFO  [co.ex.in.li.InsuranceDecisionEventListener] (executor-thread-1)   ? Decision 'Driver Risk Score' completed
18:00:16 INFO  [co.ex.in.li.InsuranceDecisionEventListener] (executor-thread-1)     ?? Result: 20
18:00:16 INFO  [co.ex.in.li.InsuranceDecisionEventListener] (executor-thread-1)   ? Evaluating Decision: Insurance Assessment
18:00:16 INFO  [co.ex.in.li.InsuranceDecisionEventListener] (executor-thread-1)   ? Decision 'Insurance Assessment' completed
18:00:16 INFO  [co.ex.in.li.InsuranceDecisionEventListener] (executor-thread-1)     ?? Result: {RiskCategory=Low, BasePremium=800, RiskScore=20.0, Eligible=true}
18:00:16 INFO  [co.ex.in.li.InsuranceDecisionEventListener] (executor-thread-1) ???????????????????????????????????????????????????????????????????
18:00:16 INFO  [co.ex.in.li.InsuranceDecisionEventListener] (executor-thread-1) ? DMN EVALUATION COMPLETED
18:00:16 INFO  [co.ex.in.li.InsuranceDecisionEventListener] (executor-thread-1) ? Timestamp: 2026-01-15 18:00:16.103
18:00:16 INFO  [co.ex.in.li.InsuranceDecisionEventListener] (executor-thread-1) ???????????????????????????????????????????????????????????????????
18:00:16 INFO  [co.ex.in.li.InsuranceDecisionEventListener] (executor-thread-1) ? DECISION RESULTS:
18:00:16 INFO  [co.ex.in.li.InsuranceDecisionEventListener] (executor-thread-1) ?   Decision: Driver Risk Score 
18:00:16 INFO  [co.ex.in.li.InsuranceDecisionEventListener] (executor-thread-1) ?     - Result: 20
18:00:16 INFO  [co.ex.in.li.InsuranceDecisionEventListener] (executor-thread-1) ?     - Status: SUCCEEDED
18:00:16 INFO  [co.ex.in.li.InsuranceDecisionEventListener] (executor-thread-1) ?   Decision: Insurance Assessment 
18:00:16 INFO  [co.ex.in.li.InsuranceDecisionEventListener] (executor-thread-1) ?     - Result: {RiskCategory=Low, BasePremium=800, RiskScore=20.0, Eligible=true}
18:00:16 INFO  [co.ex.in.li.InsuranceDecisionEventListener] (executor-thread-1) ?     - Status: SUCCEEDED
18:00:16 INFO  [co.ex.in.li.InsuranceDecisionEventListener] (executor-thread-1) ?   Decision: Vehicle Risk Factor 
18:00:16 INFO  [co.ex.in.li.InsuranceDecisionEventListener] (executor-thread-1) ?     - Result: 1.0
18:00:16 INFO  [co.ex.in.li.InsuranceDecisionEventListener] (executor-thread-1) ?     - Status: SUCCEEDED
18:00:16 INFO  [co.ex.in.li.InsuranceDecisionEventListener] (executor-thread-1) ???????????????????????????????????????????????????????????????????
]]></system-out>
  </testcase>
</testsuite>